<?xml version="1.0" encoding="UTF-8"?>
<!-- Generated by org.testng.reporters.JUnitReportReporter -->
<testsuite skipped="0" hostname="vasanthvasu" name="com.leafBot.testcases.TC001_LoginLogOut" tests="2" failures="0" timestamp="2021-06-12T15:58:02 GMT+05:30" time="26.213" errors="0">
  <testcase name="createLeaf" time="13.452" classname="com.leafBot.testcases.TC001_LoginLogOut"/>
  <system-out/>
  <testcase name="createLeaf" time="12.761" classname="com.leafBot.testcases.TC001_LoginLogOut"/>
  <system-out/>
</testsuite> <!-- com.leafBot.testcases.TC001_LoginLogOut -->
