<?xml version="1.0" encoding="UTF-8"?>
<!-- Generated by org.testng.reporters.JUnitReportReporter -->
<testsuite skipped="0" hostname="GopinathJayakumar" name="com.leafBot.testcases.TC007_MergeLead" tests="1" failures="0" timestamp="2020-03-17T03:12:52 IST" time="55.714" errors="0">
  <testcase name="mergeLead" time="55.714" classname="com.leafBot.testcases.TC007_MergeLead"/>
  <system-out/>
</testsuite> <!-- com.leafBot.testcases.TC007_MergeLead -->
